d:\enderend soft chest\desktop\vertexlab\.vertexlab\commandlineui\release\vc142.pdb
d:\enderend soft chest\desktop\vertexlab\.vertexlab\commandlineui\release\源.nativecodeanalysis.sarif
d:\enderend soft chest\desktop\vertexlab\.vertexlab\commandlineui\release\源.nativecodeanalysis.xml
d:\enderend soft chest\desktop\vertexlab\.vertexlab\commandlineui\release\commandlineui.nativecodeanalysis.sarif
d:\enderend soft chest\desktop\vertexlab\.vertexlab\commandlineui\release\commandlineui.nativecodeanalysis.xml
d:\enderend soft chest\desktop\vertexlab\.vertexlab\commandlineui\release\commandlineui.obj
d:\enderend soft chest\desktop\vertexlab\.vertexlab\commandlineui\release\源.obj
d:\enderend soft chest\desktop\vertexlab\.vertexlab\commandlineui\release\commandlineui.ipdb
d:\enderend soft chest\desktop\vertexlab\.vertexlab\commandlineui\release\commandlineui.iobj
d:\enderend soft chest\desktop\vertexlab\.vertexlab\commandlineui\release\commandlineui.exe
d:\enderend soft chest\desktop\vertexlab\.vertexlab\commandlineui\release\commandlineui.pdb
d:\enderend soft chest\desktop\vertexlab\.vertexlab\commandlineui\release\frameworkui.res
d:\enderend soft chest\desktop\vertexlab\.vertexlab\commandlineui\release\vc.nativecodeanalysis.all.xml
d:\enderend soft chest\desktop\vertexlab\.vertexlab\commandlineui\release\commandlineui.tlog\cl.command.1.tlog
d:\enderend soft chest\desktop\vertexlab\.vertexlab\commandlineui\release\commandlineui.tlog\cl.read.1.tlog
d:\enderend soft chest\desktop\vertexlab\.vertexlab\commandlineui\release\commandlineui.tlog\cl.write.1.tlog
d:\enderend soft chest\desktop\vertexlab\.vertexlab\commandlineui\release\commandlineui.tlog\commandlineui.write.1u.tlog
d:\enderend soft chest\desktop\vertexlab\.vertexlab\commandlineui\release\commandlineui.tlog\link.command.1.tlog
d:\enderend soft chest\desktop\vertexlab\.vertexlab\commandlineui\release\commandlineui.tlog\link.read.1.tlog
d:\enderend soft chest\desktop\vertexlab\.vertexlab\commandlineui\release\commandlineui.tlog\link.write.1.tlog
d:\enderend soft chest\desktop\vertexlab\.vertexlab\commandlineui\release\commandlineui.tlog\rc.command.1.tlog
d:\enderend soft chest\desktop\vertexlab\.vertexlab\commandlineui\release\commandlineui.tlog\rc.read.1.tlog
d:\enderend soft chest\desktop\vertexlab\.vertexlab\commandlineui\release\commandlineui.tlog\rc.write.1.tlog
